"Severity","ThreadID","Date","Time","Application","Message"
"ERROR","qtp1359484306-15","08/22/2014","15:32:10","",";Page /railo-context-admin/web.cfm [/Users/miczak33/railo/webapps/ROOT/railo-context-admin/web.cfm] not found;Page /railo-context-admin/web.cfm [/Users/miczak33/railo/webapps/ROOT/railo-context-admin/web.cfm] not found
	at railo.runtime.PageSourceImpl.loadPage(PageSourceImpl.java:872):872
	at railo.runtime.PageContextImpl.doInclude(PageContextImpl.java:909):909
	at railo.runtime.PageContextImpl.doInclude(PageContextImpl.java:865):865
	at railo.runtime.listener.ModernAppListener._onRequest(ModernAppListener.java:206):206
	at railo.runtime.listener.MixedAppListener.onRequest(MixedAppListener.java:18):18
	at railo.runtime.PageContextImpl.execute(PageContextImpl.java:2218):2218
	at railo.runtime.PageContextImpl.execute(PageContextImpl.java:2185):2185
	at railo.runtime.engine.CFMLEngineImpl.serviceCFML(CFMLEngineImpl.java:332):332
	at railo.loader.servlet.CFMLServlet.service(CFMLServlet.java:29):29
	at javax.servlet.http.HttpServlet.service(HttpServlet.java:790):790
	at org.eclipse.jetty.servlet.ServletHolder.handle(ServletHolder.java:738):738
	at org.eclipse.jetty.servlet.ServletHandler.doHandle(ServletHandler.java:551):551
	at org.eclipse.jetty.server.handler.ScopedHandler.handle(ScopedHandler.java:143):143
	at org.eclipse.jetty.security.SecurityHandler.handle(SecurityHandler.java:568):568
	at org.eclipse.jetty.server.session.SessionHandler.doHandle(SessionHandler.java:221):221
	at org.eclipse.jetty.server.handler.ContextHandler.doHandle(ContextHandler.java:1111):1111
	at org.eclipse.jetty.servlet.ServletHandler.doScope(ServletHandler.java:478):478
	at org.eclipse.jetty.server.session.SessionHandler.doScope(SessionHandler.java:183):183
	at org.eclipse.jetty.server.handler.ContextHandler.doScope(ContextHandler.java:1045):1045
	at org.eclipse.jetty.server.handler.ScopedHandler.handle(ScopedHandler.java:141):141
	at org.eclipse.jetty.server.handler.ContextHandlerCollection.handle(ContextHandlerCollection.java:199):199
	at org.eclipse.jetty.server.handler.HandlerCollection.handle(HandlerCollection.java:109):109
	at org.eclipse.jetty.server.handler.HandlerWrapper.handle(HandlerWrapper.java:97):97
	at org.eclipse.jetty.server.Server.handle(Server.java:462):462
	at org.eclipse.jetty.server.HttpChannel.handle(HttpChannel.java:279):279
	at org.eclipse.jetty.server.HttpConnection.onFillable(HttpConnection.java:232):232
	at org.eclipse.jetty.io.AbstractConnection$2.run(AbstractConnection.java:534):534
	at org.eclipse.jetty.util.thread.QueuedThreadPool.runJob(QueuedThreadPool.java:607):607
	at org.eclipse.jetty.util.thread.QueuedThreadPool$3.run(QueuedThreadPool.java:536):536
	at java.lang.Thread.run(Thread.java:745):745
"
"ERROR","qtp1359484306-19","08/22/2014","20:56:13","",";invalid construct;invalid construct
	at railo.transformer.cfml.tag.CFMLTransformer.tag(CFMLTransformer.java:587):587
	at railo.transformer.cfml.tag.CFMLTransformer.body(CFMLTransformer.java:313):313
	at railo.transformer.cfml.tag.CFMLTransformer.transform(CFMLTransformer.java:253):253
	at railo.transformer.cfml.tag.CFMLTransformer.transform(CFMLTransformer.java:153):153
	at railo.runtime.compiler.CFMLCompilerImpl.compile(CFMLCompilerImpl.java:55):55
	at railo.runtime.PageSourceImpl._compile(PageSourceImpl.java:309):309
	at railo.runtime.PageSourceImpl.compile(PageSourceImpl.java:283):283
	at railo.runtime.PageSourceImpl.loadPhysical(PageSourceImpl.java:227):227
	at railo.runtime.PageSourceImpl.loadPage(PageSourceImpl.java:149):149
	at railo.runtime.component.ComponentLoader.loadComponent(ComponentLoader.java:438):438
	at railo.runtime.component.ComponentLoader.loadComponent(ComponentLoader.java:370):370
	at railo.runtime.listener.ModernAppListener._onRequest(ModernAppListener.java:93):93
	at railo.runtime.listener.MixedAppListener.onRequest(MixedAppListener.java:18):18
	at railo.runtime.PageContextImpl.execute(PageContextImpl.java:2218):2218
	at railo.runtime.PageContextImpl.execute(PageContextImpl.java:2185):2185
	at railo.runtime.engine.CFMLEngineImpl.serviceCFML(CFMLEngineImpl.java:332):332
	at railo.loader.servlet.CFMLServlet.service(CFMLServlet.java:29):29
	at javax.servlet.http.HttpServlet.service(HttpServlet.java:790):790
	at org.eclipse.jetty.servlet.ServletHolder.handle(ServletHolder.java:738):738
	at org.eclipse.jetty.servlet.ServletHandler.doHandle(ServletHandler.java:551):551
	at org.eclipse.jetty.server.handler.ScopedHandler.handle(ScopedHandler.java:143):143
	at org.eclipse.jetty.security.SecurityHandler.handle(SecurityHandler.java:586):586
	at org.eclipse.jetty.server.session.SessionHandler.doHandle(SessionHandler.java:221):221
	at org.eclipse.jetty.server.handler.ContextHandler.doHandle(ContextHandler.java:1111):1111
	at org.eclipse.jetty.servlet.ServletHandler.doScope(ServletHandler.java:478):478
	at org.eclipse.jetty.server.session.SessionHandler.doScope(SessionHandler.java:183):183
	at org.eclipse.jetty.server.handler.ContextHandler.doScope(ContextHandler.java:1045):1045
	at org.eclipse.jetty.server.handler.ScopedHandler.handle(ScopedHandler.java:141):141
	at org.eclipse.jetty.server.Dispatcher.forward(Dispatcher.java:261):261
	at org.eclipse.jetty.server.Dispatcher.forward(Dispatcher.java:101):101
	at org.eclipse.jetty.servlet.DefaultServlet.doGet(DefaultServlet.java:552):552
	at javax.servlet.http.HttpServlet.service(HttpServlet.java:687):687
	at javax.servlet.http.HttpServlet.service(HttpServlet.java:790):790
	at org.eclipse.jetty.servlet.ServletHolder.handle(ServletHolder.java:738):738
	at org.eclipse.jetty.servlet.ServletHandler.doHandle(ServletHandler.java:551):551
	at org.eclipse.jetty.server.handler.ScopedHandler.handle(ScopedHandler.java:143):143
	at org.eclipse.jetty.security.SecurityHandler.handle(SecurityHandler.java:568):568
	at org.eclipse.jetty.server.session.SessionHandler.doHandle(SessionHandler.java:221):221
	at org.eclipse.jetty.server.handler.ContextHandler.doHandle(ContextHandler.java:1111):1111
	at org.eclipse.jetty.servlet.ServletHandler.doScope(ServletHandler.java:478):478
	at org.eclipse.jetty.server.session.SessionHandler.doScope(SessionHandler.java:183):183
	at org.eclipse.jetty.server.handler.ContextHandler.doScope(ContextHandler.java:1045):1045
	at org.eclipse.jetty.server.handler.ScopedHandler.handle(ScopedHandler.java:141):141
	at org.eclipse.jetty.server.handler.ContextHandlerCollection.handle(ContextHandlerCollection.java:199):199
	at org.eclipse.jetty.server.handler.HandlerCollection.handle(HandlerCollection.java:109):109
	at org.eclipse.jetty.server.handler.HandlerWrapper.handle(HandlerWrapper.java:97):97
	at org.eclipse.jetty.server.Server.handle(Server.java:462):462
	at org.eclipse.jetty.server.HttpChannel.handle(HttpChannel.java:279):279
	at org.eclipse.jetty.server.HttpConnection.onFillable(HttpConnection.java:232):232
	at org.eclipse.jetty.io.AbstractConnection$2.run(AbstractConnection.java:534):534
	at org.eclipse.jetty.util.thread.QueuedThreadPool.runJob(QueuedThreadPool.java:607):607
	at org.eclipse.jetty.util.thread.QueuedThreadPool$3.run(QueuedThreadPool.java:536):536
	at java.lang.Thread.run(Thread.java:745):745
"
